<?xml version="1.0" encoding="UTF-8"?>
<!-- Generated by org.testng.reporters.JUnitReportReporter -->
<testsuite hostname="DESKTOP-PLGHS24" failures="0" tests="1" name="org.com.restapitest.server.RestServer" time="1.473" errors="0" timestamp="2022-01-09T19:00:18 IST" skipped="0">
  <testcase classname="org.com.restapitest.server.RestServer" name="getAPITest" time="1.473"/>
  <system-out/>
</testsuite> <!-- org.com.restapitest.server.RestServer -->
