<?xml version="1.0" encoding="UTF-8"?>
<!-- Generated by org.testng.reporters.JUnitReportReporter -->
<testsuite hostname="DESKTOP-PLGHS24" failures="0" tests="2" name="org.com.restapitest.restapitest_server.RestServerOrTestModified_GetCall" time="2.141" errors="0" timestamp="2022-01-17T00:55:08 IST" skipped="0">
  <testcase classname="org.com.restapitest.restapitest_server.RestServerOrTestModified_GetCall" name="getAPITestWithoutHeaders" time="1.953"/>
  <system-out/>
  <testcase classname="org.com.restapitest.restapitest_server.RestServerOrTestModified_GetCall" name="getAPITestWithHeaders" time="0.188"/>
  <system-out/>
</testsuite> <!-- org.com.restapitest.restapitest_server.RestServerOrTestModified_GetCall -->
