<?xml version="1.0" encoding="UTF-8"?>
<!-- Generated by org.testng.reporters.JUnitReportReporter -->
<testsuite hostname="DESKTOP-PLGHS24" failures="0" tests="1" name="org.com.restapitest.restapitest_server.RestServerOrTestModified_PostCall" time="2.679" errors="0" timestamp="2022-01-31T23:42:03 IST" skipped="0">
  <testcase classname="org.com.restapitest.restapitest_server.RestServerOrTestModified_PostCall" name="getPostWithHeaders" time="2.679"/>
  <system-out/>
</testsuite> <!-- org.com.restapitest.restapitest_server.RestServerOrTestModified_PostCall -->
