<?xml version="1.0" encoding="UTF-8"?>
<!-- Generated by org.testng.reporters.JUnitReportReporter -->
<testsuite hostname="DESKTOP-PLGHS24" failures="0" tests="2" name="org.com.restapitest.server.RestServerModified" time="1.864" errors="0" timestamp="2022-01-15T17:21:03 IST" skipped="0">
  <testcase classname="org.com.restapitest.server.RestServerModified" name="getAPITestWithoutHeaders" time="1.680"/>
  <system-out/>
  <testcase classname="org.com.restapitest.server.RestServerModified" name="getAPITestWithHeaders" time="0.184"/>
  <system-out/>
</testsuite> <!-- org.com.restapitest.server.RestServerModified -->
